<?xml version="1.0" encoding="UTF-8"?>
<testsuite xmlns:xsi="http://www.w3.org/2001/XMLSchema-instance" xsi:noNamespaceSchemaLocation="https://maven.apache.org/surefire/maven-surefire-plugin/xsd/surefire-test-report.xsd" name="com.liushijie.LuckysjApplicationTests" time="0.006" tests="1" errors="0" skipped="0" failures="0">
  <properties>
    <property name="sun.desktop" value="windows"/>
    <property name="awt.toolkit" value="sun.awt.windows.WToolkit"/>
    <property name="file.encoding.pkg" value="sun.io"/>
    <property name="java.specification.version" value="1.8"/>
    <property name="sun.cpu.isalist" value="amd64"/>
    <property name="sun.jnu.encoding" value="GBK"/>
    <property name="java.class.path" value="D:\javaProject\luckysj\target\test-classes;D:\javaProject\luckysj\target\classes;D:\Maven\apache-maven-3.6.1-bin\apache-maven-3.6.1\mvn_resp\org\springframework\boot\spring-boot-starter-web\2.6.13\spring-boot-starter-web-2.6.13.jar;D:\Maven\apache-maven-3.6.1-bin\apache-maven-3.6.1\mvn_resp\org\springframework\boot\spring-boot-starter\2.6.13\spring-boot-starter-2.6.13.jar;D:\Maven\apache-maven-3.6.1-bin\apache-maven-3.6.1\mvn_resp\org\springframework\boot\spring-boot\2.6.13\spring-boot-2.6.13.jar;D:\Maven\apache-maven-3.6.1-bin\apache-maven-3.6.1\mvn_resp\org\springframework\boot\spring-boot-starter-logging\2.6.13\spring-boot-starter-logging-2.6.13.jar;D:\Maven\apache-maven-3.6.1-bin\apache-maven-3.6.1\mvn_resp\ch\qos\logback\logback-classic\1.2.11\logback-classic-1.2.11.jar;D:\Maven\apache-maven-3.6.1-bin\apache-maven-3.6.1\mvn_resp\ch\qos\logback\logback-core\1.2.11\logback-core-1.2.11.jar;D:\Maven\apache-maven-3.6.1-bin\apache-maven-3.6.1\mvn_resp\org\apache\logging\log4j\log4j-to-slf4j\2.17.2\log4j-to-slf4j-2.17.2.jar;D:\Maven\apache-maven-3.6.1-bin\apache-maven-3.6.1\mvn_resp\org\apache\logging\log4j\log4j-api\2.17.2\log4j-api-2.17.2.jar;D:\Maven\apache-maven-3.6.1-bin\apache-maven-3.6.1\mvn_resp\org\slf4j\jul-to-slf4j\1.7.36\jul-to-slf4j-1.7.36.jar;D:\Maven\apache-maven-3.6.1-bin\apache-maven-3.6.1\mvn_resp\jakarta\annotation\jakarta.annotation-api\1.3.5\jakarta.annotation-api-1.3.5.jar;D:\Maven\apache-maven-3.6.1-bin\apache-maven-3.6.1\mvn_resp\org\yaml\snakeyaml\1.29\snakeyaml-1.29.jar;D:\Maven\apache-maven-3.6.1-bin\apache-maven-3.6.1\mvn_resp\org\springframework\boot\spring-boot-starter-json\2.6.13\spring-boot-starter-json-2.6.13.jar;D:\Maven\apache-maven-3.6.1-bin\apache-maven-3.6.1\mvn_resp\com\fasterxml\jackson\datatype\jackson-datatype-jdk8\2.13.4\jackson-datatype-jdk8-2.13.4.jar;D:\Maven\apache-maven-3.6.1-bin\apache-maven-3.6.1\mvn_resp\com\fasterxml\jackson\datatype\jackson-datatype-jsr310\2.13.4\jackson-datatype-jsr310-2.13.4.jar;D:\Maven\apache-maven-3.6.1-bin\apache-maven-3.6.1\mvn_resp\com\fasterxml\jackson\module\jackson-module-parameter-names\2.13.4\jackson-module-parameter-names-2.13.4.jar;D:\Maven\apache-maven-3.6.1-bin\apache-maven-3.6.1\mvn_resp\org\springframework\boot\spring-boot-starter-tomcat\2.6.13\spring-boot-starter-tomcat-2.6.13.jar;D:\Maven\apache-maven-3.6.1-bin\apache-maven-3.6.1\mvn_resp\org\apache\tomcat\embed\tomcat-embed-core\9.0.68\tomcat-embed-core-9.0.68.jar;D:\Maven\apache-maven-3.6.1-bin\apache-maven-3.6.1\mvn_resp\org\apache\tomcat\embed\tomcat-embed-websocket\9.0.68\tomcat-embed-websocket-9.0.68.jar;D:\Maven\apache-maven-3.6.1-bin\apache-maven-3.6.1\mvn_resp\org\springframework\spring-web\5.3.23\spring-web-5.3.23.jar;D:\Maven\apache-maven-3.6.1-bin\apache-maven-3.6.1\mvn_resp\org\springframework\spring-beans\5.3.23\spring-beans-5.3.23.jar;D:\Maven\apache-maven-3.6.1-bin\apache-maven-3.6.1\mvn_resp\org\springframework\spring-webmvc\5.3.23\spring-webmvc-5.3.23.jar;D:\Maven\apache-maven-3.6.1-bin\apache-maven-3.6.1\mvn_resp\org\springframework\spring-aop\5.3.23\spring-aop-5.3.23.jar;D:\Maven\apache-maven-3.6.1-bin\apache-maven-3.6.1\mvn_resp\org\springframework\spring-context\5.3.23\spring-context-5.3.23.jar;D:\Maven\apache-maven-3.6.1-bin\apache-maven-3.6.1\mvn_resp\org\springframework\spring-expression\5.3.23\spring-expression-5.3.23.jar;D:\Maven\apache-maven-3.6.1-bin\apache-maven-3.6.1\mvn_resp\org\springframework\boot\spring-boot-starter-test\2.6.13\spring-boot-starter-test-2.6.13.jar;D:\Maven\apache-maven-3.6.1-bin\apache-maven-3.6.1\mvn_resp\org\springframework\boot\spring-boot-test\2.6.13\spring-boot-test-2.6.13.jar;D:\Maven\apache-maven-3.6.1-bin\apache-maven-3.6.1\mvn_resp\org\springframework\boot\spring-boot-test-autoconfigure\2.6.13\spring-boot-test-autoconfigure-2.6.13.jar;D:\Maven\apache-maven-3.6.1-bin\apache-maven-3.6.1\mvn_resp\com\jayway\jsonpath\json-path\2.6.0\json-path-2.6.0.jar;D:\Maven\apache-maven-3.6.1-bin\apache-maven-3.6.1\mvn_resp\net\minidev\json-smart\2.4.8\json-smart-2.4.8.jar;D:\Maven\apache-maven-3.6.1-bin\apache-maven-3.6.1\mvn_resp\net\minidev\accessors-smart\2.4.8\accessors-smart-2.4.8.jar;D:\Maven\apache-maven-3.6.1-bin\apache-maven-3.6.1\mvn_resp\org\ow2\asm\asm\9.1\asm-9.1.jar;D:\Maven\apache-maven-3.6.1-bin\apache-maven-3.6.1\mvn_resp\jakarta\xml\bind\jakarta.xml.bind-api\2.3.3\jakarta.xml.bind-api-2.3.3.jar;D:\Maven\apache-maven-3.6.1-bin\apache-maven-3.6.1\mvn_resp\jakarta\activation\jakarta.activation-api\1.2.2\jakarta.activation-api-1.2.2.jar;D:\Maven\apache-maven-3.6.1-bin\apache-maven-3.6.1\mvn_resp\org\assertj\assertj-core\3.21.0\assertj-core-3.21.0.jar;D:\Maven\apache-maven-3.6.1-bin\apache-maven-3.6.1\mvn_resp\org\hamcrest\hamcrest\2.2\hamcrest-2.2.jar;D:\Maven\apache-maven-3.6.1-bin\apache-maven-3.6.1\mvn_resp\org\junit\jupiter\junit-jupiter\5.8.2\junit-jupiter-5.8.2.jar;D:\Maven\apache-maven-3.6.1-bin\apache-maven-3.6.1\mvn_resp\org\junit\jupiter\junit-jupiter-api\5.8.2\junit-jupiter-api-5.8.2.jar;D:\Maven\apache-maven-3.6.1-bin\apache-maven-3.6.1\mvn_resp\org\opentest4j\opentest4j\1.2.0\opentest4j-1.2.0.jar;D:\Maven\apache-maven-3.6.1-bin\apache-maven-3.6.1\mvn_resp\org\junit\platform\junit-platform-commons\1.8.2\junit-platform-commons-1.8.2.jar;D:\Maven\apache-maven-3.6.1-bin\apache-maven-3.6.1\mvn_resp\org\apiguardian\apiguardian-api\1.1.2\apiguardian-api-1.1.2.jar;D:\Maven\apache-maven-3.6.1-bin\apache-maven-3.6.1\mvn_resp\org\junit\jupiter\junit-jupiter-params\5.8.2\junit-jupiter-params-5.8.2.jar;D:\Maven\apache-maven-3.6.1-bin\apache-maven-3.6.1\mvn_resp\org\junit\jupiter\junit-jupiter-engine\5.8.2\junit-jupiter-engine-5.8.2.jar;D:\Maven\apache-maven-3.6.1-bin\apache-maven-3.6.1\mvn_resp\org\junit\platform\junit-platform-engine\1.8.2\junit-platform-engine-1.8.2.jar;D:\Maven\apache-maven-3.6.1-bin\apache-maven-3.6.1\mvn_resp\org\mockito\mockito-core\4.0.0\mockito-core-4.0.0.jar;D:\Maven\apache-maven-3.6.1-bin\apache-maven-3.6.1\mvn_resp\net\bytebuddy\byte-buddy\1.11.22\byte-buddy-1.11.22.jar;D:\Maven\apache-maven-3.6.1-bin\apache-maven-3.6.1\mvn_resp\net\bytebuddy\byte-buddy-agent\1.11.22\byte-buddy-agent-1.11.22.jar;D:\Maven\apache-maven-3.6.1-bin\apache-maven-3.6.1\mvn_resp\org\objenesis\objenesis\3.2\objenesis-3.2.jar;D:\Maven\apache-maven-3.6.1-bin\apache-maven-3.6.1\mvn_resp\org\mockito\mockito-junit-jupiter\4.0.0\mockito-junit-jupiter-4.0.0.jar;D:\Maven\apache-maven-3.6.1-bin\apache-maven-3.6.1\mvn_resp\org\skyscreamer\jsonassert\1.5.1\jsonassert-1.5.1.jar;D:\Maven\apache-maven-3.6.1-bin\apache-maven-3.6.1\mvn_resp\com\vaadin\external\google\android-json\0.0.20131108.vaadin1\android-json-0.0.20131108.vaadin1.jar;D:\Maven\apache-maven-3.6.1-bin\apache-maven-3.6.1\mvn_resp\org\springframework\spring-core\5.3.23\spring-core-5.3.23.jar;D:\Maven\apache-maven-3.6.1-bin\apache-maven-3.6.1\mvn_resp\org\springframework\spring-jcl\5.3.23\spring-jcl-5.3.23.jar;D:\Maven\apache-maven-3.6.1-bin\apache-maven-3.6.1\mvn_resp\org\springframework\spring-test\5.3.23\spring-test-5.3.23.jar;D:\Maven\apache-maven-3.6.1-bin\apache-maven-3.6.1\mvn_resp\org\xmlunit\xmlunit-core\2.8.4\xmlunit-core-2.8.4.jar;D:\Maven\apache-maven-3.6.1-bin\apache-maven-3.6.1\mvn_resp\com\mysql\mysql-connector-j\8.0.31\mysql-connector-j-8.0.31.jar;D:\Maven\apache-maven-3.6.1-bin\apache-maven-3.6.1\mvn_resp\com\baomidou\mybatis-plus-boot-starter\3.4.1\mybatis-plus-boot-starter-3.4.1.jar;D:\Maven\apache-maven-3.6.1-bin\apache-maven-3.6.1\mvn_resp\com\baomidou\mybatis-plus\3.4.1\mybatis-plus-3.4.1.jar;D:\Maven\apache-maven-3.6.1-bin\apache-maven-3.6.1\mvn_resp\com\baomidou\mybatis-plus-extension\3.4.1\mybatis-plus-extension-3.4.1.jar;D:\Maven\apache-maven-3.6.1-bin\apache-maven-3.6.1\mvn_resp\com\baomidou\mybatis-plus-core\3.4.1\mybatis-plus-core-3.4.1.jar;D:\Maven\apache-maven-3.6.1-bin\apache-maven-3.6.1\mvn_resp\com\baomidou\mybatis-plus-annotation\3.4.1\mybatis-plus-annotation-3.4.1.jar;D:\Maven\apache-maven-3.6.1-bin\apache-maven-3.6.1\mvn_resp\com\github\jsqlparser\jsqlparser\3.2\jsqlparser-3.2.jar;D:\Maven\apache-maven-3.6.1-bin\apache-maven-3.6.1\mvn_resp\org\mybatis\mybatis\3.5.6\mybatis-3.5.6.jar;D:\Maven\apache-maven-3.6.1-bin\apache-maven-3.6.1\mvn_resp\org\mybatis\mybatis-spring\2.0.5\mybatis-spring-2.0.5.jar;D:\Maven\apache-maven-3.6.1-bin\apache-maven-3.6.1\mvn_resp\org\springframework\boot\spring-boot-autoconfigure\2.6.13\spring-boot-autoconfigure-2.6.13.jar;D:\Maven\apache-maven-3.6.1-bin\apache-maven-3.6.1\mvn_resp\org\springframework\boot\spring-boot-starter-jdbc\2.6.13\spring-boot-starter-jdbc-2.6.13.jar;D:\Maven\apache-maven-3.6.1-bin\apache-maven-3.6.1\mvn_resp\com\zaxxer\HikariCP\4.0.3\HikariCP-4.0.3.jar;D:\Maven\apache-maven-3.6.1-bin\apache-maven-3.6.1\mvn_resp\org\springframework\spring-jdbc\5.3.23\spring-jdbc-5.3.23.jar;D:\Maven\apache-maven-3.6.1-bin\apache-maven-3.6.1\mvn_resp\org\projectlombok\lombok\1.18.24\lombok-1.18.24.jar;D:\Maven\apache-maven-3.6.1-bin\apache-maven-3.6.1\mvn_resp\com\alibaba\fastjson\1.2.83\fastjson-1.2.83.jar;D:\Maven\apache-maven-3.6.1-bin\apache-maven-3.6.1\mvn_resp\org\springframework\boot\spring-boot-starter-mail\2.6.13\spring-boot-starter-mail-2.6.13.jar;D:\Maven\apache-maven-3.6.1-bin\apache-maven-3.6.1\mvn_resp\org\springframework\spring-context-support\5.3.23\spring-context-support-5.3.23.jar;D:\Maven\apache-maven-3.6.1-bin\apache-maven-3.6.1\mvn_resp\com\sun\mail\jakarta.mail\1.6.7\jakarta.mail-1.6.7.jar;D:\Maven\apache-maven-3.6.1-bin\apache-maven-3.6.1\mvn_resp\com\sun\activation\jakarta.activation\1.2.2\jakarta.activation-1.2.2.jar;D:\Maven\apache-maven-3.6.1-bin\apache-maven-3.6.1\mvn_resp\com\github\whvcse\easy-captcha\1.6.2\easy-captcha-1.6.2.jar;D:\Maven\apache-maven-3.6.1-bin\apache-maven-3.6.1\mvn_resp\org\apache\commons\commons-lang3\3.12.0\commons-lang3-3.12.0.jar;D:\Maven\apache-maven-3.6.1-bin\apache-maven-3.6.1\mvn_resp\org\springframework\boot\spring-boot-starter-validation\2.6.13\spring-boot-starter-validation-2.6.13.jar;D:\Maven\apache-maven-3.6.1-bin\apache-maven-3.6.1\mvn_resp\org\apache\tomcat\embed\tomcat-embed-el\9.0.68\tomcat-embed-el-9.0.68.jar;D:\Maven\apache-maven-3.6.1-bin\apache-maven-3.6.1\mvn_resp\org\hibernate\validator\hibernate-validator\6.2.5.Final\hibernate-validator-6.2.5.Final.jar;D:\Maven\apache-maven-3.6.1-bin\apache-maven-3.6.1\mvn_resp\jakarta\validation\jakarta.validation-api\2.0.2\jakarta.validation-api-2.0.2.jar;D:\Maven\apache-maven-3.6.1-bin\apache-maven-3.6.1\mvn_resp\org\jboss\logging\jboss-logging\3.4.3.Final\jboss-logging-3.4.3.Final.jar;D:\Maven\apache-maven-3.6.1-bin\apache-maven-3.6.1\mvn_resp\com\fasterxml\classmate\1.5.1\classmate-1.5.1.jar;D:\Maven\apache-maven-3.6.1-bin\apache-maven-3.6.1\mvn_resp\org\springframework\boot\spring-boot-starter-data-redis\2.6.13\spring-boot-starter-data-redis-2.6.13.jar;D:\Maven\apache-maven-3.6.1-bin\apache-maven-3.6.1\mvn_resp\org\springframework\data\spring-data-redis\2.6.9\spring-data-redis-2.6.9.jar;D:\Maven\apache-maven-3.6.1-bin\apache-maven-3.6.1\mvn_resp\org\springframework\data\spring-data-keyvalue\2.6.9\spring-data-keyvalue-2.6.9.jar;D:\Maven\apache-maven-3.6.1-bin\apache-maven-3.6.1\mvn_resp\org\springframework\data\spring-data-commons\2.6.9\spring-data-commons-2.6.9.jar;D:\Maven\apache-maven-3.6.1-bin\apache-maven-3.6.1\mvn_resp\org\springframework\spring-tx\5.3.23\spring-tx-5.3.23.jar;D:\Maven\apache-maven-3.6.1-bin\apache-maven-3.6.1\mvn_resp\org\springframework\spring-oxm\5.3.23\spring-oxm-5.3.23.jar;D:\Maven\apache-maven-3.6.1-bin\apache-maven-3.6.1\mvn_resp\io\lettuce\lettuce-core\6.1.10.RELEASE\lettuce-core-6.1.10.RELEASE.jar;D:\Maven\apache-maven-3.6.1-bin\apache-maven-3.6.1\mvn_resp\io\netty\netty-common\4.1.84.Final\netty-common-4.1.84.Final.jar;D:\Maven\apache-maven-3.6.1-bin\apache-maven-3.6.1\mvn_resp\io\netty\netty-handler\4.1.84.Final\netty-handler-4.1.84.Final.jar;D:\Maven\apache-maven-3.6.1-bin\apache-maven-3.6.1\mvn_resp\io\netty\netty-resolver\4.1.84.Final\netty-resolver-4.1.84.Final.jar;D:\Maven\apache-maven-3.6.1-bin\apache-maven-3.6.1\mvn_resp\io\netty\netty-buffer\4.1.84.Final\netty-buffer-4.1.84.Final.jar;D:\Maven\apache-maven-3.6.1-bin\apache-maven-3.6.1\mvn_resp\io\netty\netty-transport-native-unix-common\4.1.84.Final\netty-transport-native-unix-common-4.1.84.Final.jar;D:\Maven\apache-maven-3.6.1-bin\apache-maven-3.6.1\mvn_resp\io\netty\netty-codec\4.1.84.Final\netty-codec-4.1.84.Final.jar;D:\Maven\apache-maven-3.6.1-bin\apache-maven-3.6.1\mvn_resp\io\netty\netty-transport\4.1.84.Final\netty-transport-4.1.84.Final.jar;D:\Maven\apache-maven-3.6.1-bin\apache-maven-3.6.1\mvn_resp\io\projectreactor\reactor-core\3.4.24\reactor-core-3.4.24.jar;D:\Maven\apache-maven-3.6.1-bin\apache-maven-3.6.1\mvn_resp\org\reactivestreams\reactive-streams\1.0.4\reactive-streams-1.0.4.jar;D:\Maven\apache-maven-3.6.1-bin\apache-maven-3.6.1\mvn_resp\org\apache\commons\commons-pool2\2.11.1\commons-pool2-2.11.1.jar;D:\Maven\apache-maven-3.6.1-bin\apache-maven-3.6.1\mvn_resp\com\alibaba\druid\1.2.5\druid-1.2.5.jar;D:\Maven\apache-maven-3.6.1-bin\apache-maven-3.6.1\mvn_resp\com\alibaba\druid-spring-boot-starter\1.2.5\druid-spring-boot-starter-1.2.5.jar;D:\Maven\apache-maven-3.6.1-bin\apache-maven-3.6.1\mvn_resp\org\slf4j\slf4j-api\1.7.36\slf4j-api-1.7.36.jar;D:\Maven\apache-maven-3.6.1-bin\apache-maven-3.6.1\mvn_resp\org\springframework\boot\spring-boot-configuration-processor\2.6.13\spring-boot-configuration-processor-2.6.13.jar;D:\Maven\apache-maven-3.6.1-bin\apache-maven-3.6.1\mvn_resp\com\qcloud\cos_api\5.6.8\cos_api-5.6.8.jar;D:\Maven\apache-maven-3.6.1-bin\apache-maven-3.6.1\mvn_resp\org\apache\httpcomponents\httpclient\4.5.13\httpclient-4.5.13.jar;D:\Maven\apache-maven-3.6.1-bin\apache-maven-3.6.1\mvn_resp\org\apache\httpcomponents\httpcore\4.4.15\httpcore-4.4.15.jar;D:\Maven\apache-maven-3.6.1-bin\apache-maven-3.6.1\mvn_resp\commons-codec\commons-codec\1.15\commons-codec-1.15.jar;D:\Maven\apache-maven-3.6.1-bin\apache-maven-3.6.1\mvn_resp\joda-time\joda-time\2.9.9\joda-time-2.9.9.jar;D:\Maven\apache-maven-3.6.1-bin\apache-maven-3.6.1\mvn_resp\com\fasterxml\jackson\core\jackson-databind\2.13.4.2\jackson-databind-2.13.4.2.jar;D:\Maven\apache-maven-3.6.1-bin\apache-maven-3.6.1\mvn_resp\com\fasterxml\jackson\core\jackson-annotations\2.13.4\jackson-annotations-2.13.4.jar;D:\Maven\apache-maven-3.6.1-bin\apache-maven-3.6.1\mvn_resp\com\fasterxml\jackson\core\jackson-core\2.13.4\jackson-core-2.13.4.jar;D:\Maven\apache-maven-3.6.1-bin\apache-maven-3.6.1\mvn_resp\org\bouncycastle\bcprov-jdk15on\1.59\bcprov-jdk15on-1.59.jar;"/>
    <property name="java.vm.vendor" value="Oracle Corporation"/>
    <property name="sun.arch.data.model" value="64"/>
    <property name="user.variant" value=""/>
    <property name="java.vendor.url" value="http://java.oracle.com/"/>
    <property name="user.timezone" value="Asia/Shanghai"/>
    <property name="java.vm.specification.version" value="1.8"/>
    <property name="os.name" value="Windows 10"/>
    <property name="user.country" value="CN"/>
    <property name="sun.java.launcher" value="SUN_STANDARD"/>
    <property name="sun.boot.library.path" value="D:\Javaenvironment\jdk1.8.0_221\jre\bin"/>
    <property name="sun.java.command" value="C:\Users\ADMINI~2\AppData\Local\Temp\surefire803404174921714127\surefirebooter8999732474784895710.jar C:\Users\Administrator\AppData\Local\Temp\surefire803404174921714127 2023-01-30T10-27-12_132-jvmRun1 surefire8450364434684822799tmp surefire_04531234158471548922tmp"/>
    <property name="surefire.test.class.path" value="D:\javaProject\luckysj\target\test-classes;D:\javaProject\luckysj\target\classes;D:\Maven\apache-maven-3.6.1-bin\apache-maven-3.6.1\mvn_resp\org\springframework\boot\spring-boot-starter-web\2.6.13\spring-boot-starter-web-2.6.13.jar;D:\Maven\apache-maven-3.6.1-bin\apache-maven-3.6.1\mvn_resp\org\springframework\boot\spring-boot-starter\2.6.13\spring-boot-starter-2.6.13.jar;D:\Maven\apache-maven-3.6.1-bin\apache-maven-3.6.1\mvn_resp\org\springframework\boot\spring-boot\2.6.13\spring-boot-2.6.13.jar;D:\Maven\apache-maven-3.6.1-bin\apache-maven-3.6.1\mvn_resp\org\springframework\boot\spring-boot-starter-logging\2.6.13\spring-boot-starter-logging-2.6.13.jar;D:\Maven\apache-maven-3.6.1-bin\apache-maven-3.6.1\mvn_resp\ch\qos\logback\logback-classic\1.2.11\logback-classic-1.2.11.jar;D:\Maven\apache-maven-3.6.1-bin\apache-maven-3.6.1\mvn_resp\ch\qos\logback\logback-core\1.2.11\logback-core-1.2.11.jar;D:\Maven\apache-maven-3.6.1-bin\apache-maven-3.6.1\mvn_resp\org\apache\logging\log4j\log4j-to-slf4j\2.17.2\log4j-to-slf4j-2.17.2.jar;D:\Maven\apache-maven-3.6.1-bin\apache-maven-3.6.1\mvn_resp\org\apache\logging\log4j\log4j-api\2.17.2\log4j-api-2.17.2.jar;D:\Maven\apache-maven-3.6.1-bin\apache-maven-3.6.1\mvn_resp\org\slf4j\jul-to-slf4j\1.7.36\jul-to-slf4j-1.7.36.jar;D:\Maven\apache-maven-3.6.1-bin\apache-maven-3.6.1\mvn_resp\jakarta\annotation\jakarta.annotation-api\1.3.5\jakarta.annotation-api-1.3.5.jar;D:\Maven\apache-maven-3.6.1-bin\apache-maven-3.6.1\mvn_resp\org\yaml\snakeyaml\1.29\snakeyaml-1.29.jar;D:\Maven\apache-maven-3.6.1-bin\apache-maven-3.6.1\mvn_resp\org\springframework\boot\spring-boot-starter-json\2.6.13\spring-boot-starter-json-2.6.13.jar;D:\Maven\apache-maven-3.6.1-bin\apache-maven-3.6.1\mvn_resp\com\fasterxml\jackson\datatype\jackson-datatype-jdk8\2.13.4\jackson-datatype-jdk8-2.13.4.jar;D:\Maven\apache-maven-3.6.1-bin\apache-maven-3.6.1\mvn_resp\com\fasterxml\jackson\datatype\jackson-datatype-jsr310\2.13.4\jackson-datatype-jsr310-2.13.4.jar;D:\Maven\apache-maven-3.6.1-bin\apache-maven-3.6.1\mvn_resp\com\fasterxml\jackson\module\jackson-module-parameter-names\2.13.4\jackson-module-parameter-names-2.13.4.jar;D:\Maven\apache-maven-3.6.1-bin\apache-maven-3.6.1\mvn_resp\org\springframework\boot\spring-boot-starter-tomcat\2.6.13\spring-boot-starter-tomcat-2.6.13.jar;D:\Maven\apache-maven-3.6.1-bin\apache-maven-3.6.1\mvn_resp\org\apache\tomcat\embed\tomcat-embed-core\9.0.68\tomcat-embed-core-9.0.68.jar;D:\Maven\apache-maven-3.6.1-bin\apache-maven-3.6.1\mvn_resp\org\apache\tomcat\embed\tomcat-embed-websocket\9.0.68\tomcat-embed-websocket-9.0.68.jar;D:\Maven\apache-maven-3.6.1-bin\apache-maven-3.6.1\mvn_resp\org\springframework\spring-web\5.3.23\spring-web-5.3.23.jar;D:\Maven\apache-maven-3.6.1-bin\apache-maven-3.6.1\mvn_resp\org\springframework\spring-beans\5.3.23\spring-beans-5.3.23.jar;D:\Maven\apache-maven-3.6.1-bin\apache-maven-3.6.1\mvn_resp\org\springframework\spring-webmvc\5.3.23\spring-webmvc-5.3.23.jar;D:\Maven\apache-maven-3.6.1-bin\apache-maven-3.6.1\mvn_resp\org\springframework\spring-aop\5.3.23\spring-aop-5.3.23.jar;D:\Maven\apache-maven-3.6.1-bin\apache-maven-3.6.1\mvn_resp\org\springframework\spring-context\5.3.23\spring-context-5.3.23.jar;D:\Maven\apache-maven-3.6.1-bin\apache-maven-3.6.1\mvn_resp\org\springframework\spring-expression\5.3.23\spring-expression-5.3.23.jar;D:\Maven\apache-maven-3.6.1-bin\apache-maven-3.6.1\mvn_resp\org\springframework\boot\spring-boot-starter-test\2.6.13\spring-boot-starter-test-2.6.13.jar;D:\Maven\apache-maven-3.6.1-bin\apache-maven-3.6.1\mvn_resp\org\springframework\boot\spring-boot-test\2.6.13\spring-boot-test-2.6.13.jar;D:\Maven\apache-maven-3.6.1-bin\apache-maven-3.6.1\mvn_resp\org\springframework\boot\spring-boot-test-autoconfigure\2.6.13\spring-boot-test-autoconfigure-2.6.13.jar;D:\Maven\apache-maven-3.6.1-bin\apache-maven-3.6.1\mvn_resp\com\jayway\jsonpath\json-path\2.6.0\json-path-2.6.0.jar;D:\Maven\apache-maven-3.6.1-bin\apache-maven-3.6.1\mvn_resp\net\minidev\json-smart\2.4.8\json-smart-2.4.8.jar;D:\Maven\apache-maven-3.6.1-bin\apache-maven-3.6.1\mvn_resp\net\minidev\accessors-smart\2.4.8\accessors-smart-2.4.8.jar;D:\Maven\apache-maven-3.6.1-bin\apache-maven-3.6.1\mvn_resp\org\ow2\asm\asm\9.1\asm-9.1.jar;D:\Maven\apache-maven-3.6.1-bin\apache-maven-3.6.1\mvn_resp\jakarta\xml\bind\jakarta.xml.bind-api\2.3.3\jakarta.xml.bind-api-2.3.3.jar;D:\Maven\apache-maven-3.6.1-bin\apache-maven-3.6.1\mvn_resp\jakarta\activation\jakarta.activation-api\1.2.2\jakarta.activation-api-1.2.2.jar;D:\Maven\apache-maven-3.6.1-bin\apache-maven-3.6.1\mvn_resp\org\assertj\assertj-core\3.21.0\assertj-core-3.21.0.jar;D:\Maven\apache-maven-3.6.1-bin\apache-maven-3.6.1\mvn_resp\org\hamcrest\hamcrest\2.2\hamcrest-2.2.jar;D:\Maven\apache-maven-3.6.1-bin\apache-maven-3.6.1\mvn_resp\org\junit\jupiter\junit-jupiter\5.8.2\junit-jupiter-5.8.2.jar;D:\Maven\apache-maven-3.6.1-bin\apache-maven-3.6.1\mvn_resp\org\junit\jupiter\junit-jupiter-api\5.8.2\junit-jupiter-api-5.8.2.jar;D:\Maven\apache-maven-3.6.1-bin\apache-maven-3.6.1\mvn_resp\org\opentest4j\opentest4j\1.2.0\opentest4j-1.2.0.jar;D:\Maven\apache-maven-3.6.1-bin\apache-maven-3.6.1\mvn_resp\org\junit\platform\junit-platform-commons\1.8.2\junit-platform-commons-1.8.2.jar;D:\Maven\apache-maven-3.6.1-bin\apache-maven-3.6.1\mvn_resp\org\apiguardian\apiguardian-api\1.1.2\apiguardian-api-1.1.2.jar;D:\Maven\apache-maven-3.6.1-bin\apache-maven-3.6.1\mvn_resp\org\junit\jupiter\junit-jupiter-params\5.8.2\junit-jupiter-params-5.8.2.jar;D:\Maven\apache-maven-3.6.1-bin\apache-maven-3.6.1\mvn_resp\org\junit\jupiter\junit-jupiter-engine\5.8.2\junit-jupiter-engine-5.8.2.jar;D:\Maven\apache-maven-3.6.1-bin\apache-maven-3.6.1\mvn_resp\org\junit\platform\junit-platform-engine\1.8.2\junit-platform-engine-1.8.2.jar;D:\Maven\apache-maven-3.6.1-bin\apache-maven-3.6.1\mvn_resp\org\mockito\mockito-core\4.0.0\mockito-core-4.0.0.jar;D:\Maven\apache-maven-3.6.1-bin\apache-maven-3.6.1\mvn_resp\net\bytebuddy\byte-buddy\1.11.22\byte-buddy-1.11.22.jar;D:\Maven\apache-maven-3.6.1-bin\apache-maven-3.6.1\mvn_resp\net\bytebuddy\byte-buddy-agent\1.11.22\byte-buddy-agent-1.11.22.jar;D:\Maven\apache-maven-3.6.1-bin\apache-maven-3.6.1\mvn_resp\org\objenesis\objenesis\3.2\objenesis-3.2.jar;D:\Maven\apache-maven-3.6.1-bin\apache-maven-3.6.1\mvn_resp\org\mockito\mockito-junit-jupiter\4.0.0\mockito-junit-jupiter-4.0.0.jar;D:\Maven\apache-maven-3.6.1-bin\apache-maven-3.6.1\mvn_resp\org\skyscreamer\jsonassert\1.5.1\jsonassert-1.5.1.jar;D:\Maven\apache-maven-3.6.1-bin\apache-maven-3.6.1\mvn_resp\com\vaadin\external\google\android-json\0.0.20131108.vaadin1\android-json-0.0.20131108.vaadin1.jar;D:\Maven\apache-maven-3.6.1-bin\apache-maven-3.6.1\mvn_resp\org\springframework\spring-core\5.3.23\spring-core-5.3.23.jar;D:\Maven\apache-maven-3.6.1-bin\apache-maven-3.6.1\mvn_resp\org\springframework\spring-jcl\5.3.23\spring-jcl-5.3.23.jar;D:\Maven\apache-maven-3.6.1-bin\apache-maven-3.6.1\mvn_resp\org\springframework\spring-test\5.3.23\spring-test-5.3.23.jar;D:\Maven\apache-maven-3.6.1-bin\apache-maven-3.6.1\mvn_resp\org\xmlunit\xmlunit-core\2.8.4\xmlunit-core-2.8.4.jar;D:\Maven\apache-maven-3.6.1-bin\apache-maven-3.6.1\mvn_resp\com\mysql\mysql-connector-j\8.0.31\mysql-connector-j-8.0.31.jar;D:\Maven\apache-maven-3.6.1-bin\apache-maven-3.6.1\mvn_resp\com\baomidou\mybatis-plus-boot-starter\3.4.1\mybatis-plus-boot-starter-3.4.1.jar;D:\Maven\apache-maven-3.6.1-bin\apache-maven-3.6.1\mvn_resp\com\baomidou\mybatis-plus\3.4.1\mybatis-plus-3.4.1.jar;D:\Maven\apache-maven-3.6.1-bin\apache-maven-3.6.1\mvn_resp\com\baomidou\mybatis-plus-extension\3.4.1\mybatis-plus-extension-3.4.1.jar;D:\Maven\apache-maven-3.6.1-bin\apache-maven-3.6.1\mvn_resp\com\baomidou\mybatis-plus-core\3.4.1\mybatis-plus-core-3.4.1.jar;D:\Maven\apache-maven-3.6.1-bin\apache-maven-3.6.1\mvn_resp\com\baomidou\mybatis-plus-annotation\3.4.1\mybatis-plus-annotation-3.4.1.jar;D:\Maven\apache-maven-3.6.1-bin\apache-maven-3.6.1\mvn_resp\com\github\jsqlparser\jsqlparser\3.2\jsqlparser-3.2.jar;D:\Maven\apache-maven-3.6.1-bin\apache-maven-3.6.1\mvn_resp\org\mybatis\mybatis\3.5.6\mybatis-3.5.6.jar;D:\Maven\apache-maven-3.6.1-bin\apache-maven-3.6.1\mvn_resp\org\mybatis\mybatis-spring\2.0.5\mybatis-spring-2.0.5.jar;D:\Maven\apache-maven-3.6.1-bin\apache-maven-3.6.1\mvn_resp\org\springframework\boot\spring-boot-autoconfigure\2.6.13\spring-boot-autoconfigure-2.6.13.jar;D:\Maven\apache-maven-3.6.1-bin\apache-maven-3.6.1\mvn_resp\org\springframework\boot\spring-boot-starter-jdbc\2.6.13\spring-boot-starter-jdbc-2.6.13.jar;D:\Maven\apache-maven-3.6.1-bin\apache-maven-3.6.1\mvn_resp\com\zaxxer\HikariCP\4.0.3\HikariCP-4.0.3.jar;D:\Maven\apache-maven-3.6.1-bin\apache-maven-3.6.1\mvn_resp\org\springframework\spring-jdbc\5.3.23\spring-jdbc-5.3.23.jar;D:\Maven\apache-maven-3.6.1-bin\apache-maven-3.6.1\mvn_resp\org\projectlombok\lombok\1.18.24\lombok-1.18.24.jar;D:\Maven\apache-maven-3.6.1-bin\apache-maven-3.6.1\mvn_resp\com\alibaba\fastjson\1.2.83\fastjson-1.2.83.jar;D:\Maven\apache-maven-3.6.1-bin\apache-maven-3.6.1\mvn_resp\org\springframework\boot\spring-boot-starter-mail\2.6.13\spring-boot-starter-mail-2.6.13.jar;D:\Maven\apache-maven-3.6.1-bin\apache-maven-3.6.1\mvn_resp\org\springframework\spring-context-support\5.3.23\spring-context-support-5.3.23.jar;D:\Maven\apache-maven-3.6.1-bin\apache-maven-3.6.1\mvn_resp\com\sun\mail\jakarta.mail\1.6.7\jakarta.mail-1.6.7.jar;D:\Maven\apache-maven-3.6.1-bin\apache-maven-3.6.1\mvn_resp\com\sun\activation\jakarta.activation\1.2.2\jakarta.activation-1.2.2.jar;D:\Maven\apache-maven-3.6.1-bin\apache-maven-3.6.1\mvn_resp\com\github\whvcse\easy-captcha\1.6.2\easy-captcha-1.6.2.jar;D:\Maven\apache-maven-3.6.1-bin\apache-maven-3.6.1\mvn_resp\org\apache\commons\commons-lang3\3.12.0\commons-lang3-3.12.0.jar;D:\Maven\apache-maven-3.6.1-bin\apache-maven-3.6.1\mvn_resp\org\springframework\boot\spring-boot-starter-validation\2.6.13\spring-boot-starter-validation-2.6.13.jar;D:\Maven\apache-maven-3.6.1-bin\apache-maven-3.6.1\mvn_resp\org\apache\tomcat\embed\tomcat-embed-el\9.0.68\tomcat-embed-el-9.0.68.jar;D:\Maven\apache-maven-3.6.1-bin\apache-maven-3.6.1\mvn_resp\org\hibernate\validator\hibernate-validator\6.2.5.Final\hibernate-validator-6.2.5.Final.jar;D:\Maven\apache-maven-3.6.1-bin\apache-maven-3.6.1\mvn_resp\jakarta\validation\jakarta.validation-api\2.0.2\jakarta.validation-api-2.0.2.jar;D:\Maven\apache-maven-3.6.1-bin\apache-maven-3.6.1\mvn_resp\org\jboss\logging\jboss-logging\3.4.3.Final\jboss-logging-3.4.3.Final.jar;D:\Maven\apache-maven-3.6.1-bin\apache-maven-3.6.1\mvn_resp\com\fasterxml\classmate\1.5.1\classmate-1.5.1.jar;D:\Maven\apache-maven-3.6.1-bin\apache-maven-3.6.1\mvn_resp\org\springframework\boot\spring-boot-starter-data-redis\2.6.13\spring-boot-starter-data-redis-2.6.13.jar;D:\Maven\apache-maven-3.6.1-bin\apache-maven-3.6.1\mvn_resp\org\springframework\data\spring-data-redis\2.6.9\spring-data-redis-2.6.9.jar;D:\Maven\apache-maven-3.6.1-bin\apache-maven-3.6.1\mvn_resp\org\springframework\data\spring-data-keyvalue\2.6.9\spring-data-keyvalue-2.6.9.jar;D:\Maven\apache-maven-3.6.1-bin\apache-maven-3.6.1\mvn_resp\org\springframework\data\spring-data-commons\2.6.9\spring-data-commons-2.6.9.jar;D:\Maven\apache-maven-3.6.1-bin\apache-maven-3.6.1\mvn_resp\org\springframework\spring-tx\5.3.23\spring-tx-5.3.23.jar;D:\Maven\apache-maven-3.6.1-bin\apache-maven-3.6.1\mvn_resp\org\springframework\spring-oxm\5.3.23\spring-oxm-5.3.23.jar;D:\Maven\apache-maven-3.6.1-bin\apache-maven-3.6.1\mvn_resp\io\lettuce\lettuce-core\6.1.10.RELEASE\lettuce-core-6.1.10.RELEASE.jar;D:\Maven\apache-maven-3.6.1-bin\apache-maven-3.6.1\mvn_resp\io\netty\netty-common\4.1.84.Final\netty-common-4.1.84.Final.jar;D:\Maven\apache-maven-3.6.1-bin\apache-maven-3.6.1\mvn_resp\io\netty\netty-handler\4.1.84.Final\netty-handler-4.1.84.Final.jar;D:\Maven\apache-maven-3.6.1-bin\apache-maven-3.6.1\mvn_resp\io\netty\netty-resolver\4.1.84.Final\netty-resolver-4.1.84.Final.jar;D:\Maven\apache-maven-3.6.1-bin\apache-maven-3.6.1\mvn_resp\io\netty\netty-buffer\4.1.84.Final\netty-buffer-4.1.84.Final.jar;D:\Maven\apache-maven-3.6.1-bin\apache-maven-3.6.1\mvn_resp\io\netty\netty-transport-native-unix-common\4.1.84.Final\netty-transport-native-unix-common-4.1.84.Final.jar;D:\Maven\apache-maven-3.6.1-bin\apache-maven-3.6.1\mvn_resp\io\netty\netty-codec\4.1.84.Final\netty-codec-4.1.84.Final.jar;D:\Maven\apache-maven-3.6.1-bin\apache-maven-3.6.1\mvn_resp\io\netty\netty-transport\4.1.84.Final\netty-transport-4.1.84.Final.jar;D:\Maven\apache-maven-3.6.1-bin\apache-maven-3.6.1\mvn_resp\io\projectreactor\reactor-core\3.4.24\reactor-core-3.4.24.jar;D:\Maven\apache-maven-3.6.1-bin\apache-maven-3.6.1\mvn_resp\org\reactivestreams\reactive-streams\1.0.4\reactive-streams-1.0.4.jar;D:\Maven\apache-maven-3.6.1-bin\apache-maven-3.6.1\mvn_resp\org\apache\commons\commons-pool2\2.11.1\commons-pool2-2.11.1.jar;D:\Maven\apache-maven-3.6.1-bin\apache-maven-3.6.1\mvn_resp\com\alibaba\druid\1.2.5\druid-1.2.5.jar;D:\Maven\apache-maven-3.6.1-bin\apache-maven-3.6.1\mvn_resp\com\alibaba\druid-spring-boot-starter\1.2.5\druid-spring-boot-starter-1.2.5.jar;D:\Maven\apache-maven-3.6.1-bin\apache-maven-3.6.1\mvn_resp\org\slf4j\slf4j-api\1.7.36\slf4j-api-1.7.36.jar;D:\Maven\apache-maven-3.6.1-bin\apache-maven-3.6.1\mvn_resp\org\springframework\boot\spring-boot-configuration-processor\2.6.13\spring-boot-configuration-processor-2.6.13.jar;D:\Maven\apache-maven-3.6.1-bin\apache-maven-3.6.1\mvn_resp\com\qcloud\cos_api\5.6.8\cos_api-5.6.8.jar;D:\Maven\apache-maven-3.6.1-bin\apache-maven-3.6.1\mvn_resp\org\apache\httpcomponents\httpclient\4.5.13\httpclient-4.5.13.jar;D:\Maven\apache-maven-3.6.1-bin\apache-maven-3.6.1\mvn_resp\org\apache\httpcomponents\httpcore\4.4.15\httpcore-4.4.15.jar;D:\Maven\apache-maven-3.6.1-bin\apache-maven-3.6.1\mvn_resp\commons-codec\commons-codec\1.15\commons-codec-1.15.jar;D:\Maven\apache-maven-3.6.1-bin\apache-maven-3.6.1\mvn_resp\joda-time\joda-time\2.9.9\joda-time-2.9.9.jar;D:\Maven\apache-maven-3.6.1-bin\apache-maven-3.6.1\mvn_resp\com\fasterxml\jackson\core\jackson-databind\2.13.4.2\jackson-databind-2.13.4.2.jar;D:\Maven\apache-maven-3.6.1-bin\apache-maven-3.6.1\mvn_resp\com\fasterxml\jackson\core\jackson-annotations\2.13.4\jackson-annotations-2.13.4.jar;D:\Maven\apache-maven-3.6.1-bin\apache-maven-3.6.1\mvn_resp\com\fasterxml\jackson\core\jackson-core\2.13.4\jackson-core-2.13.4.jar;D:\Maven\apache-maven-3.6.1-bin\apache-maven-3.6.1\mvn_resp\org\bouncycastle\bcprov-jdk15on\1.59\bcprov-jdk15on-1.59.jar;"/>
    <property name="sun.cpu.endian" value="little"/>
    <property name="user.home" value="C:\Users\Administrator"/>
    <property name="user.language" value="zh"/>
    <property name="java.specification.vendor" value="Oracle Corporation"/>
    <property name="java.home" value="D:\Javaenvironment\jdk1.8.0_221\jre"/>
    <property name="basedir" value="D:\javaProject\luckysj"/>
    <property name="file.separator" value="\"/>
    <property name="line.separator" value="&#10;"/>
    <property name="java.vm.specification.vendor" value="Oracle Corporation"/>
    <property name="java.specification.name" value="Java Platform API Specification"/>
    <property name="java.awt.graphicsenv" value="sun.awt.Win32GraphicsEnvironment"/>
    <property name="idea.version2020.1.2" value="true"/>
    <property name="surefire.real.class.path" value="C:\Users\ADMINI~2\AppData\Local\Temp\surefire803404174921714127\surefirebooter8999732474784895710.jar"/>
    <property name="sun.boot.class.path" value="D:\Javaenvironment\jdk1.8.0_221\jre\lib\resources.jar;D:\Javaenvironment\jdk1.8.0_221\jre\lib\rt.jar;D:\Javaenvironment\jdk1.8.0_221\jre\lib\sunrsasign.jar;D:\Javaenvironment\jdk1.8.0_221\jre\lib\jsse.jar;D:\Javaenvironment\jdk1.8.0_221\jre\lib\jce.jar;D:\Javaenvironment\jdk1.8.0_221\jre\lib\charsets.jar;D:\Javaenvironment\jdk1.8.0_221\jre\lib\jfr.jar;D:\Javaenvironment\jdk1.8.0_221\jre\classes"/>
    <property name="user.script" value=""/>
    <property name="sun.management.compiler" value="HotSpot 64-Bit Tiered Compilers"/>
    <property name="java.runtime.version" value="1.8.0_221-b11"/>
    <property name="user.name" value="Administrator"/>
    <property name="path.separator" value=";"/>
    <property name="os.version" value="10.0"/>
    <property name="java.endorsed.dirs" value="D:\Javaenvironment\jdk1.8.0_221\jre\lib\endorsed"/>
    <property name="java.runtime.name" value="Java(TM) SE Runtime Environment"/>
    <property name="file.encoding" value="GBK"/>
    <property name="java.vm.name" value="Java HotSpot(TM) 64-Bit Server VM"/>
    <property name="localRepository" value="D:\Maven\apache-maven-3.6.1-bin\apache-maven-3.6.1\mvn_resp"/>
    <property name="java.vendor.url.bug" value="http://bugreport.sun.com/bugreport/"/>
    <property name="java.io.tmpdir" value="C:\Users\ADMINI~2\AppData\Local\Temp\"/>
    <property name="java.version" value="1.8.0_221"/>
    <property name="user.dir" value="D:\javaProject\luckysj"/>
    <property name="os.arch" value="amd64"/>
    <property name="java.vm.specification.name" value="Java Virtual Machine Specification"/>
    <property name="java.awt.printerjob" value="sun.awt.windows.WPrinterJob"/>
    <property name="sun.os.patch.level" value=""/>
    <property name="java.library.path" value="D:\Javaenvironment\jdk1.8.0_221\jre\bin;C:\Windows\Sun\Java\bin;C:\Windows\system32;C:\Windows;C:\Program Files (x86)\NVIDIA Corporation\PhysX\Common;C:\Windows\system32;C:\Windows;C:\Windows\System32\Wbem;C:\Windows\System32\WindowsPowerShell\v1.0\;C:\Windows\System32\OpenSSH\;C:\Program Files\LLVM\bin;C:\Program Files\Microsoft SQL Server\150\Tools\Binn\;C:\Program Files\dotnet\;C:\Program Files (x86)\Microsoft SQL Server\100\Tools\Binn\;C:\Program Files\Microsoft SQL Server\100\Tools\Binn\;C:\Program Files\Microsoft SQL Server\100\DTS\Binn\;C:\Pro;ram Files\Microsoft SQL Server\130\Tools\Binn\;D:\Mysql\mysql-8.0.29-winx64\mysql-8.0.29-winx64\bin;D:\pool\nodejs\;D:\pool\erlang\bin;D:\Javaenvironment\jdk1.8.0_221\bin;D:\Maven\apache-maven-3.6.1-bin\apache-maven-3.6.1\bin;D:\pool\Git\cmd;d:\soft\90sp1\quartus\bin;D:\pool\微信web开发者工具\dll;D:\mingw64\bin;C:\Users\Administrator\AppData\Local\Microsoft\WindowsApps;D:\Javaenvironment\jdk1.8.0_221\bin;D:\Mysql\mysql-8.0.29-winx64\mysql-8.0.29-winx64\bin;D:\pool\IntelliJ IDEA 2020.1.2\bin;;D:\Maven\apache-maven-3.6.1-bin\apache-maven-3.6.1\bin;D:\pool\erlang\bin;C:\Users\Administrator\AppData\Roaming\npm;;C:\Users\Administrator\AppData\Local\Programs\Microsoft VS Code\bin;C:\Users\Administrator\.dotnet\tools;."/>
    <property name="java.vm.info" value="mixed mode"/>
    <property name="java.vendor" value="Oracle Corporation"/>
    <property name="java.vm.version" value="25.221-b11"/>
    <property name="java.ext.dirs" value="D:\Javaenvironment\jdk1.8.0_221\jre\lib\ext;C:\Windows\Sun\Java\lib\ext"/>
    <property name="sun.io.unicode.encoding" value="UnicodeLittle"/>
    <property name="maven.repo.local" value="D:\Maven\apache-maven-3.6.1-bin\apache-maven-3.6.1\mvn_resp"/>
    <property name="java.class.version" value="52.0"/>
  </properties>
  <testcase name="contextLoads" classname="com.liushijie.LuckysjApplicationTests" time="0"/>
</testsuite>